<?xml version="1.0" encoding="UTF-8"?>
<!-- Generated by org.testng.reporters.JUnitReportReporter -->
<testsuite hostname="BA-000612745" failures="0" tests="1" name="com.orangehrm.automation.Base" time="19.663" errors="0" timestamp="2025-04-05T08:52:29 IST" skipped="0">
  <testcase classname="com.orangehrm.automation.Base" name="setup" time="19.663"/>
  <system-out/>
</testsuite> <!-- com.orangehrm.automation.Base -->
