<?xml version="1.0" encoding="UTF-8"?>
<!-- Generated by org.testng.reporters.JUnitReportReporter -->
<testsuite hostname="BA-000612745" failures="0" tests="2" name="com.orangehrm.automation.tests.DashboardTest" time="0.034" errors="0" timestamp="2025-04-21T15:13:16 IST" skipped="0">
  <testcase classname="com.orangehrm.automation.tests.DashboardTest" name="checkWidgets" time="0.031"/>
  <testcase classname="com.orangehrm.automation.tests.DashboardTest" name="logout" time="0.003"/>
</testsuite> <!-- com.orangehrm.automation.tests.DashboardTest -->
